  Building Custom Rule C:/Users/Matt/Documents/NetBeansProjects/assimp-3.3.1/code/CMakeLists.txt
  CMake does not need to re-run because C:/Users/Matt/Documents/NetBeansProjects/AssimpBuild/code/CMakeFiles/generate.stamp is up-to-date.
  Assimp.cpp
  BaseImporter.cpp
  BaseProcess.cpp
  PostStepRegistry.cpp
  ImporterRegistry.cpp
  DefaultIOStream.cpp
  DefaultIOSystem.cpp
  Importer.cpp
  SGSpatialSort.cpp
  VertexTriangleAdjacency.cpp
  SpatialSort.cpp
  SceneCombiner.cpp
C:\Users\Matt\Documents\NetBeansProjects\assimp-3.3.1\code\Importer.cpp(656): warning C4267: '=': conversion from 'size_t' to 'uint32_t', possible loss of data
C:\Users\Matt\Documents\NetBeansProjects\assimp-3.3.1\code\Importer.cpp(792): warning C4267: 'argument': conversion from 'size_t' to 'int', possible loss of data
C:\Users\Matt\Documents\NetBeansProjects\assimp-3.3.1\code\Importer.cpp(827): warning C4267: 'argument': conversion from 'size_t' to 'int', possible loss of data
C:\Users\Matt\Documents\NetBeansProjects\assimp-3.3.1\code\SpatialSort.cpp(111): warning C4267: 'argument': conversion from 'size_t' to 'unsigned int', possible loss of data
  ScenePreprocessor.cpp
  SkeletonMeshBuilder.cpp
  SplitByBoneCountProcess.cpp
  StandardShapes.cpp
  TargetAnimation.cpp
C:\Users\Matt\Documents\NetBeansProjects\assimp-3.3.1\code\SceneCombiner.cpp(93): warning C4267: 'argument': conversion from 'size_t' to 'uint32_t', possible loss of data
C:\Users\Matt\Documents\NetBeansProjects\assimp-3.3.1\code\SceneCombiner.cpp(117): warning C4267: 'argument': conversion from 'size_t' to 'uint32_t', possible loss of data
C:\Users\Matt\Documents\NetBeansProjects\assimp-3.3.1\code\SceneCombiner.cpp(135): warning C4267: 'argument': conversion from 'size_t' to 'uint32_t', possible loss of data
C:\Users\Matt\Documents\NetBeansProjects\assimp-3.3.1\code\SceneCombiner.cpp(326): warning C4267: 'argument': conversion from 'size_t' to 'uint32_t', possible loss of data
C:\Users\Matt\Documents\NetBeansProjects\assimp-3.3.1\code\SceneCombiner.cpp(488): warning C4267: 'initializing': conversion from 'size_t' to 'int', possible loss of data
c:\users\matt\documents\netbeansprojects\assimp-3.3.1\code\irrXMLWrapper.h(95): warning C4267: 'initializing': conversion from 'size_t' to 'unsigned int', possible loss of data (compiling source file C:\Users\Matt\Documents\NetBeansProjects\assimp-3.3.1\code\ImporterRegistry.cpp)
c:\users\matt\documents\netbeansprojects\assimp-3.3.1\code\irrXMLWrapper.h(120): warning C4267: '=': conversion from 'size_t' to 'int', possible loss of data (compiling source file C:\Users\Matt\Documents\NetBeansProjects\assimp-3.3.1\code\ImporterRegistry.cpp)
  RemoveComments.cpp
  Subdivision.cpp
C:\Users\Matt\Documents\NetBeansProjects\assimp-3.3.1\code\TargetAnimation.cpp(103): warning C4267: 'argument': conversion from 'size_t' to 'const unsigned int', possible loss of data
C:\Users\Matt\Documents\NetBeansProjects\assimp-3.3.1\code\TargetAnimation.cpp(104): warning C4267: 'argument': conversion from 'size_t' to 'const unsigned int', possible loss of data
C:\Users\Matt\Documents\NetBeansProjects\assimp-3.3.1\code\SkeletonMeshBuilder.cpp(88): warning C4267: 'initializing': conversion from 'size_t' to 'unsigned int', possible loss of data
C:\Users\Matt\Documents\NetBeansProjects\assimp-3.3.1\code\SkeletonMeshBuilder.cpp(88): warning C4267: 'initializing': conversion from 'size_t' to 'const unsigned int', possible loss of data
C:\Users\Matt\Documents\NetBeansProjects\assimp-3.3.1\code\SkeletonMeshBuilder.cpp(111): warning C4267: 'initializing': conversion from 'size_t' to 'unsigned int', possible loss of data
C:\Users\Matt\Documents\NetBeansProjects\assimp-3.3.1\code\SkeletonMeshBuilder.cpp(173): warning C4267: 'initializing': conversion from 'size_t' to 'unsigned int', possible loss of data
C:\Users\Matt\Documents\NetBeansProjects\assimp-3.3.1\code\SkeletonMeshBuilder.cpp(211): warning C4267: '=': conversion from 'size_t' to 'unsigned int', possible loss of data
C:\Users\Matt\Documents\NetBeansProjects\assimp-3.3.1\code\SkeletonMeshBuilder.cpp(218): warning C4267: '=': conversion from 'size_t' to 'unsigned int', possible loss of data
C:\Users\Matt\Documents\NetBeansProjects\assimp-3.3.1\code\SkeletonMeshBuilder.cpp(243): warning C4267: '=': conversion from 'size_t' to 'unsigned int', possible loss of data
C:\Users\Matt\Documents\NetBeansProjects\assimp-3.3.1\code\Subdivision.cpp(194): warning C4267: 'argument': conversion from 'size_t' to 'const unsigned int', possible loss of data
  Bitmap.cpp
  Version.cpp
  DefaultLogger.cpp
  Exporter.cpp
  AssimpCExport.cpp
  CalcTangentsProcess.cpp
  ComputeUVMappingProcess.cpp
  ConvertToLHProcess.cpp
  FindDegenerates.cpp
  FindInstancesProcess.cpp
  FindInvalidDataProcess.cpp
  FixNormalsStep.cpp
  GenFaceNormalsProcess.cpp
  GenVertexNormalsProcess.cpp
  PretransformVertices.cpp
  ImproveCacheLocality.cpp
  JoinVerticesProcess.cpp
  LimitBoneWeightsProcess.cpp
  RemoveRedundantMaterials.cpp
  RemoveVCProcess.cpp
  SortByPTypeProcess.cpp
C:\Users\Matt\Documents\NetBeansProjects\assimp-3.3.1\code\LimitBoneWeightsProcess.cpp(132): warning C4267: 'initializing': conversion from 'size_t' to 'unsigned int', possible loss of data
C:\Users\Matt\Documents\NetBeansProjects\assimp-3.3.1\code\LimitBoneWeightsProcess.cpp(134): warning C4267: '+=': conversion from 'size_t' to 'unsigned int', possible loss of data
C:\Users\Matt\Documents\NetBeansProjects\assimp-3.3.1\code\PretransformVertices.cpp(400): warning C4267: '=': conversion from 'size_t' to 'unsigned int', possible loss of data
C:\Users\Matt\Documents\NetBeansProjects\assimp-3.3.1\code\PretransformVertices.cpp(486): warning C4267: '+=': conversion from 'size_t' to 'unsigned int', possible loss of data
  SplitLargeMeshes.cpp
  TextureTransform.cpp
  TriangulateProcess.cpp
  ValidateDataStructure.cpp
  OptimizeGraph.cpp
  OptimizeMeshes.cpp
  DeboneProcess.cpp
C:\Users\Matt\Documents\NetBeansProjects\assimp-3.3.1\code\OptimizeMeshes.cpp(148): warning C4267: '=': conversion from 'size_t' to 'unsigned int', possible loss of data
C:\Users\Matt\Documents\NetBeansProjects\assimp-3.3.1\code\OptimizeMeshes.cpp(202): warning C4267: '=': conversion from 'size_t' to 'unsigned int', possible loss of data
C:\Users\Matt\Documents\NetBeansProjects\assimp-3.3.1\code\OptimizeGraph.cpp(233): warning C4267: '=': conversion from 'size_t' to 'unsigned int', possible loss of data
C:\Users\Matt\Documents\NetBeansProjects\assimp-3.3.1\code\OptimizeGraph.cpp(241): warning C4267: '+=': conversion from 'size_t' to 'unsigned int', possible loss of data
  ProcessHelper.cpp
C:\Users\Matt\Documents\NetBeansProjects\assimp-3.3.1\code\DeboneProcess.cpp(165): warning C4267: '=': conversion from 'size_t' to 'unsigned int', possible loss of data
C:\Users\Matt\Documents\NetBeansProjects\assimp-3.3.1\code\DeboneProcess.cpp(385): warning C4267: 'initializing': conversion from 'size_t' to 'unsigned int', possible loss of data
C:\Users\Matt\Documents\NetBeansProjects\assimp-3.3.1\code\DeboneProcess.cpp(393): warning C4267: 'initializing': conversion from 'size_t' to 'unsigned int', possible loss of data
C:\Users\Matt\Documents\NetBeansProjects\assimp-3.3.1\code\DeboneProcess.cpp(407): warning C4267: 'initializing': conversion from 'size_t' to 'unsigned int', possible loss of data
C:\Users\Matt\Documents\NetBeansProjects\assimp-3.3.1\code\DeboneProcess.cpp(420): warning C4267: '=': conversion from 'size_t' to 'unsigned int', possible loss of data
  MakeVerboseFormat.cpp
  MaterialSystem.cpp
C:\Program Files (x86)\Microsoft Visual Studio\2017\Community\VC\Tools\MSVC\14.11.25503\include\utility(188): warning C4267: 'initializing': conversion from 'size_t' to 'unsigned int', possible loss of data (compiling source file C:\Users\Matt\Documents\NetBeansProjects\assimp-3.3.1\code\DeboneProcess.cpp)
  C:\Users\Matt\Documents\NetBeansProjects\assimp-3.3.1\code\DeboneProcess.cpp(140): note: see reference to function template instantiation 'std::pair<unsigned int,aiNode *>::pair<unsigned __int64,aiNode*&,void,0>(_Other1 &&,_Other2) noexcept' being compiled
          with
          [
              _Other1=unsigned __int64,
              _Other2=aiNode *&
          ]
  C:\Users\Matt\Documents\NetBeansProjects\assimp-3.3.1\code\DeboneProcess.cpp(140): note: see reference to function template instantiation 'std::pair<unsigned int,aiNode *>::pair<unsigned __int64,aiNode*&,void,0>(_Other1 &&,_Other2) noexcept' being compiled
          with
          [
              _Other1=unsigned __int64,
              _Other2=aiNode *&
          ]
  StepExporter.cpp
C:\Users\Matt\Documents\NetBeansProjects\assimp-3.3.1\code\ProcessHelper.cpp(311): warning C4267: '=': conversion from 'size_t' to 'unsigned int', possible loss of data
C:\Users\Matt\Documents\NetBeansProjects\assimp-3.3.1\code\ProcessHelper.cpp(323): warning C4267: '=': conversion from 'size_t' to 'unsigned int', possible loss of data
C:\Users\Matt\Documents\NetBeansProjects\assimp-3.3.1\code\ProcessHelper.cpp(324): warning C4267: '=': conversion from 'size_t' to 'unsigned int', possible loss of data
C:\Users\Matt\Documents\NetBeansProjects\assimp-3.3.1\code\ProcessHelper.cpp(335): warning C4267: 'argument': conversion from 'size_t' to 'unsigned int', possible loss of data
C:\Users\Matt\Documents\NetBeansProjects\assimp-3.3.1\code\ProcessHelper.cpp(340): warning C4267: 'argument': conversion from 'size_t' to 'unsigned int', possible loss of data
  3DSConverter.cpp
C:\Users\Matt\Documents\NetBeansProjects\assimp-3.3.1\code\MaterialSystem.cpp(521): warning C4267: 'argument': conversion from 'size_t' to 'unsigned int', possible loss of data
C:\Users\Matt\Documents\NetBeansProjects\assimp-3.3.1\code\MaterialSystem.cpp(529): warning C4267: 'argument': conversion from 'size_t' to 'unsigned int', possible loss of data
  3DSLoader.cpp
  3DSExporter.cpp
  ACLoader.cpp
  ASELoader.cpp
  ASEParser.cpp
  AssbinExporter.cpp
C:\Users\Matt\Documents\NetBeansProjects\assimp-3.3.1\code\3DSExporter.cpp(88): warning C4267: 'argument': conversion from 'size_t' to 'uint32_t', possible loss of data
C:\Users\Matt\Documents\NetBeansProjects\assimp-3.3.1\code\AssbinExporter.cpp(740): warning C4267: 'initializing': conversion from 'size_t' to 'uLongf', possible loss of data
C:\Users\Matt\Documents\NetBeansProjects\assimp-3.3.1\code\3DSConverter.cpp(693): warning C4267: 'initializing': conversion from 'size_t' to 'unsigned int', possible loss of data
C:\Users\Matt\Documents\NetBeansProjects\assimp-3.3.1\code\3DSConverter.cpp(693): warning C4267: 'initializing': conversion from 'size_t' to 'const unsigned int', possible loss of data
C:\Users\Matt\Documents\NetBeansProjects\assimp-3.3.1\code\3DSConverter.cpp(745): warning C4267: '=': conversion from 'size_t' to 'unsigned int', possible loss of data
  AssbinLoader.cpp
  AssxmlExporter.cpp
  B3DImporter.cpp
  BVHLoader.cpp
  ColladaLoader.cpp
  ColladaParser.cpp
  ColladaExporter.cpp
C:\Users\Matt\Documents\NetBeansProjects\assimp-3.3.1\code\AssbinLoader.cpp(662): warning C4267: 'initializing': conversion from 'size_t' to 'uLongf', possible loss of data
  DXFLoader.cpp
C:\Users\Matt\Documents\NetBeansProjects\assimp-3.3.1\code\BVHLoader.cpp(240): warning C4267: '=': conversion from 'size_t' to 'unsigned int', possible loss of data
C:\Users\Matt\Documents\NetBeansProjects\assimp-3.3.1\code\BVHLoader.cpp(446): warning C4267: '=': conversion from 'size_t' to 'unsigned int', possible loss of data
  CSMLoader.cpp
C:\Users\Matt\Documents\NetBeansProjects\assimp-3.3.1\code\B3DImporter.cpp(334): warning C4267: 'initializing': conversion from 'size_t' to 'int', possible loss of data
C:\Users\Matt\Documents\NetBeansProjects\assimp-3.3.1\code\B3DImporter.cpp(407): warning C4267: 'initializing': conversion from 'size_t' to 'int', possible loss of data
C:\Users\Matt\Documents\NetBeansProjects\assimp-3.3.1\code\B3DImporter.cpp(465): warning C4267: '=': conversion from 'size_t' to 'unsigned int', possible loss of data
C:\Users\Matt\Documents\NetBeansProjects\assimp-3.3.1\code\B3DImporter.cpp(470): warning C4267: '=': conversion from 'size_t' to 'unsigned int', possible loss of data
C:\Users\Matt\Documents\NetBeansProjects\assimp-3.3.1\code\B3DImporter.cpp(475): warning C4267: '=': conversion from 'size_t' to 'unsigned int', possible loss of data
C:\Users\Matt\Documents\NetBeansProjects\assimp-3.3.1\code\B3DImporter.cpp(509): warning C4267: 'initializing': conversion from 'size_t' to 'int', possible loss of data
C:\Users\Matt\Documents\NetBeansProjects\assimp-3.3.1\code\B3DImporter.cpp(524): warning C4267: 'initializing': conversion from 'size_t' to 'int', possible loss of data
C:\Users\Matt\Documents\NetBeansProjects\assimp-3.3.1\code\B3DImporter.cpp(547): warning C4267: '=': conversion from 'size_t' to 'unsigned int', possible loss of data
C:\Users\Matt\Documents\NetBeansProjects\assimp-3.3.1\code\B3DImporter.cpp(550): warning C4267: '=': conversion from 'size_t' to 'unsigned int', possible loss of data
C:\Users\Matt\Documents\NetBeansProjects\assimp-3.3.1\code\B3DImporter.cpp(648): warning C4267: '=': conversion from 'size_t' to 'unsigned int', possible loss of data
C:\Users\Matt\Documents\NetBeansProjects\assimp-3.3.1\code\B3DImporter.cpp(658): warning C4267: '=': conversion from 'size_t' to 'unsigned int', possible loss of data
C:\Users\Matt\Documents\NetBeansProjects\assimp-3.3.1\code\B3DImporter.cpp(670): warning C4267: '=': conversion from 'size_t' to 'unsigned int', possible loss of data
C:\Users\Matt\Documents\NetBeansProjects\assimp-3.3.1\code\B3DImporter.cpp(674): warning C4267: '=': conversion from 'size_t' to 'unsigned int', possible loss of data
C:\Users\Matt\Documents\NetBeansProjects\assimp-3.3.1\code\B3DImporter.cpp(681): warning C4267: '=': conversion from 'size_t' to 'unsigned int', possible loss of data
C:\Users\Matt\Documents\NetBeansProjects\assimp-3.3.1\code\B3DImporter.cpp(684): warning C4267: '=': conversion from 'size_t' to 'unsigned int', possible loss of data
c:\users\matt\documents\netbeansprojects\assimp-3.3.1\code\irrXMLWrapper.h(95): warning C4267: 'initializing': conversion from 'size_t' to 'unsigned int', possible loss of data (compiling source file C:\Users\Matt\Documents\NetBeansProjects\assimp-3.3.1\code\ColladaLoader.cpp)
c:\users\matt\documents\netbeansprojects\assimp-3.3.1\code\irrXMLWrapper.h(120): warning C4267: '=': conversion from 'size_t' to 'int', possible loss of data (compiling source file C:\Users\Matt\Documents\NetBeansProjects\assimp-3.3.1\code\ColladaLoader.cpp)
c:\users\matt\documents\netbeansprojects\assimp-3.3.1\code\irrXMLWrapper.h(95): warning C4267: 'initializing': conversion from 'size_t' to 'unsigned int', possible loss of data (compiling source file C:\Users\Matt\Documents\NetBeansProjects\assimp-3.3.1\code\ColladaParser.cpp)
c:\users\matt\documents\netbeansprojects\assimp-3.3.1\code\irrXMLWrapper.h(120): warning C4267: '=': conversion from 'size_t' to 'int', possible loss of data (compiling source file C:\Users\Matt\Documents\NetBeansProjects\assimp-3.3.1\code\ColladaParser.cpp)
  HMPLoader.cpp
C:\Users\Matt\Documents\NetBeansProjects\assimp-3.3.1\code\DXFLoader.cpp(226): warning C4267: '+=': conversion from 'size_t' to 'unsigned int', possible loss of data
C:\Users\Matt\Documents\NetBeansProjects\assimp-3.3.1\code\DXFLoader.cpp(227): warning C4267: '+=': conversion from 'size_t' to 'unsigned int', possible loss of data
C:\Users\Matt\Documents\NetBeansProjects\assimp-3.3.1\code\DXFLoader.cpp(299): warning C4267: '+=': conversion from 'size_t' to 'unsigned int', possible loss of data
  IRRMeshLoader.cpp
C:\Users\Matt\Documents\NetBeansProjects\assimp-3.3.1\code\DXFLoader.cpp(708): warning C4267: 'argument': conversion from 'size_t' to 'unsigned int', possible loss of data
C:\Users\Matt\Documents\NetBeansProjects\assimp-3.3.1\code\DXFLoader.cpp(909): warning C4267: 'argument': conversion from 'size_t' to 'unsigned int', possible loss of data
C:\Users\Matt\Documents\NetBeansProjects\assimp-3.3.1\code\CSMLoader.cpp(182): warning C4267: '=': conversion from 'size_t' to 'unsigned int', possible loss of data
C:\Users\Matt\Documents\NetBeansProjects\assimp-3.3.1\code\ColladaExporter.cpp(526): warning C4267: 'argument': conversion from 'size_t' to 'unsigned int', possible loss of data
C:\Users\Matt\Documents\NetBeansProjects\assimp-3.3.1\code\ColladaLoader.cpp(243): warning C4267: '=': conversion from 'size_t' to 'unsigned int', possible loss of data
C:\Users\Matt\Documents\NetBeansProjects\assimp-3.3.1\code\ColladaExporter.cpp(814): warning C4267: 'argument': conversion from 'size_t' to 'unsigned int', possible loss of data
C:\Users\Matt\Documents\NetBeansProjects\assimp-3.3.1\code\ColladaExporter.cpp(824): warning C4267: 'argument': conversion from 'size_t' to 'unsigned int', possible loss of data
C:\Users\Matt\Documents\NetBeansProjects\assimp-3.3.1\code\ColladaExporter.cpp(836): warning C4267: 'argument': conversion from 'size_t' to 'unsigned int', possible loss of data
C:\Users\Matt\Documents\NetBeansProjects\assimp-3.3.1\code\ColladaExporter.cpp(841): warning C4267: 'argument': conversion from 'size_t' to 'unsigned int', possible loss of data
C:\Users\Matt\Documents\NetBeansProjects\assimp-3.3.1\code\ColladaExporter.cpp(886): warning C4267: 'argument': conversion from 'size_t' to 'unsigned int', possible loss of data
C:\Users\Matt\Documents\NetBeansProjects\assimp-3.3.1\code\ColladaLoader.cpp(509): warning C4267: '=': conversion from 'size_t' to 'unsigned int', possible loss of data
C:\Users\Matt\Documents\NetBeansProjects\assimp-3.3.1\code\ColladaLoader.cpp(556): warning C4267: '=': conversion from 'size_t' to 'unsigned int', possible loss of data
C:\Users\Matt\Documents\NetBeansProjects\assimp-3.3.1\code\ColladaLoader.cpp(578): warning C4267: '=': conversion from 'size_t' to 'unsigned int', possible loss of data
C:\Users\Matt\Documents\NetBeansProjects\assimp-3.3.1\code\ColladaLoader.cpp(637): warning C4267: '=': conversion from 'size_t' to 'unsigned int', possible loss of data
C:\Users\Matt\Documents\NetBeansProjects\assimp-3.3.1\code\ColladaLoader.cpp(643): warning C4267: '=': conversion from 'size_t' to 'unsigned int', possible loss of data
C:\Users\Matt\Documents\NetBeansProjects\assimp-3.3.1\code\ColladaLoader.cpp(646): warning C4267: '=': conversion from 'size_t' to 'unsigned int', possible loss of data
C:\Users\Matt\Documents\NetBeansProjects\assimp-3.3.1\code\ColladaExporter.cpp(1116): warning C4267: 'argument': conversion from 'size_t' to 'unsigned int', possible loss of data
C:\Users\Matt\Documents\NetBeansProjects\assimp-3.3.1\code\ColladaLoader.cpp(713): warning C4267: '=': conversion from 'size_t' to 'unsigned int', possible loss of data
C:\Users\Matt\Documents\NetBeansProjects\assimp-3.3.1\code\ColladaLoader.cpp(727): warning C4267: '=': conversion from 'size_t' to 'unsigned int', possible loss of data
C:\Users\Matt\Documents\NetBeansProjects\assimp-3.3.1\code\ColladaLoader.cpp(751): warning C4267: '=': conversion from 'size_t' to 'unsigned int', possible loss of data
C:\Users\Matt\Documents\NetBeansProjects\assimp-3.3.1\code\ColladaParser.cpp(2538): warning C4267: 'argument': conversion from 'size_t' to 'unsigned int', possible loss of data
C:\Users\Matt\Documents\NetBeansProjects\assimp-3.3.1\code\ColladaLoader.cpp(801): warning C4267: '=': conversion from 'size_t' to 'unsigned int', possible loss of data
C:\Users\Matt\Documents\NetBeansProjects\assimp-3.3.1\code\ColladaLoader.cpp(814): warning C4267: '=': conversion from 'size_t' to 'unsigned int', possible loss of data
C:\Users\Matt\Documents\NetBeansProjects\assimp-3.3.1\code\ColladaLoader.cpp(827): warning C4267: '=': conversion from 'size_t' to 'unsigned int', possible loss of data
C:\Users\Matt\Documents\NetBeansProjects\assimp-3.3.1\code\ColladaLoader.cpp(840): warning C4267: '=': conversion from 'size_t' to 'unsigned int', possible loss of data
C:\Users\Matt\Documents\NetBeansProjects\assimp-3.3.1\code\ColladaLoader.cpp(853): warning C4267: '=': conversion from 'size_t' to 'unsigned int', possible loss of data
C:\Users\Matt\Documents\NetBeansProjects\assimp-3.3.1\code\ColladaLoader.cpp(894): warning C4267: '=': conversion from 'size_t' to 'unsigned int', possible loss of data
C:\Users\Matt\Documents\NetBeansProjects\assimp-3.3.1\code\ColladaLoader.cpp(926): warning C4267: '=': conversion from 'size_t' to 'unsigned int', possible loss of data
C:\Users\Matt\Documents\NetBeansProjects\assimp-3.3.1\code\ColladaLoader.cpp(1210): warning C4267: '=': conversion from 'size_t' to 'unsigned int', possible loss of data
C:\Users\Matt\Documents\NetBeansProjects\assimp-3.3.1\code\ColladaLoader.cpp(1211): warning C4267: '=': conversion from 'size_t' to 'unsigned int', possible loss of data
C:\Users\Matt\Documents\NetBeansProjects\assimp-3.3.1\code\ColladaLoader.cpp(1212): warning C4267: '=': conversion from 'size_t' to 'unsigned int', possible loss of data
C:\Users\Matt\Documents\NetBeansProjects\assimp-3.3.1\code\ColladaLoader.cpp(1240): warning C4267: '=': conversion from 'size_t' to 'unsigned int', possible loss of data
C:\Users\Matt\Documents\NetBeansProjects\assimp-3.3.1\code\ColladaLoader.cpp(1523): warning C4267: '=': conversion from 'size_t' to 'unsigned int', possible loss of data
C:\Users\Matt\Documents\NetBeansProjects\assimp-3.3.1\code\ColladaLoader.cpp(1529): warning C4267: 'argument': conversion from 'size_t' to 'int32_t', possible loss of data
  IRRShared.cpp
  IRRLoader.cpp
c:\users\matt\documents\netbeansprojects\assimp-3.3.1\code\irrXMLWrapper.h(95): warning C4267: 'initializing': conversion from 'size_t' to 'unsigned int', possible loss of data (compiling source file C:\Users\Matt\Documents\NetBeansProjects\assimp-3.3.1\code\IRRMeshLoader.cpp)
c:\users\matt\documents\netbeansprojects\assimp-3.3.1\code\irrXMLWrapper.h(120): warning C4267: '=': conversion from 'size_t' to 'int', possible loss of data (compiling source file C:\Users\Matt\Documents\NetBeansProjects\assimp-3.3.1\code\IRRMeshLoader.cpp)
  LWOAnimation.cpp
  LWOBLoader.cpp
c:\users\matt\documents\netbeansprojects\assimp-3.3.1\code\irrXMLWrapper.h(95): warning C4267: 'initializing': conversion from 'size_t' to 'unsigned int', possible loss of data (compiling source file C:\Users\Matt\Documents\NetBeansProjects\assimp-3.3.1\code\IRRShared.cpp)
c:\users\matt\documents\netbeansprojects\assimp-3.3.1\code\irrXMLWrapper.h(120): warning C4267: '=': conversion from 'size_t' to 'int', possible loss of data (compiling source file C:\Users\Matt\Documents\NetBeansProjects\assimp-3.3.1\code\IRRShared.cpp)
  LWOLoader.cpp
c:\users\matt\documents\netbeansprojects\assimp-3.3.1\code\irrXMLWrapper.h(95): warning C4267: 'initializing': conversion from 'size_t' to 'unsigned int', possible loss of data (compiling source file C:\Users\Matt\Documents\NetBeansProjects\assimp-3.3.1\code\IRRLoader.cpp)
c:\users\matt\documents\netbeansprojects\assimp-3.3.1\code\irrXMLWrapper.h(120): warning C4267: '=': conversion from 'size_t' to 'int', possible loss of data (compiling source file C:\Users\Matt\Documents\NetBeansProjects\assimp-3.3.1\code\IRRLoader.cpp)
C:\Program Files (x86)\Microsoft Visual Studio\2017\Community\VC\Tools\MSVC\14.11.25503\include\numeric(21): warning C4267: '=': conversion from 'size_t' to 'int', possible loss of data (compiling source file C:\Users\Matt\Documents\NetBeansProjects\assimp-3.3.1\code\ColladaLoader.cpp)
  C:\Program Files (x86)\Microsoft Visual Studio\2017\Community\VC\Tools\MSVC\14.11.25503\include\numeric(31): note: see reference to function template instantiation '_Ty std::_Accumulate_unchecked<const unsigned __int64*,_Ty,_Fn>(_InIt,_InIt,_Ty,_Fn &)' being compiled
          with
          [
              _Ty=int,
              _Fn=std::plus<void>,
              _InIt=const unsigned __int64 *
          ] (compiling source file C:\Users\Matt\Documents\NetBeansProjects\assimp-3.3.1\code\ColladaLoader.cpp)
  C:\Program Files (x86)\Microsoft Visual Studio\2017\Community\VC\Tools\MSVC\14.11.25503\include\numeric(39): note: see reference to function template instantiation '_Ty std::accumulate<_InIt,_Ty,std::plus<void>>(_InIt,_InIt,_Ty,_Fn)' being compiled
          with
          [
              _Ty=int,
              _InIt=std::_Vector_const_iterator<std::_Vector_val<std::_Simple_types<size_t>>>,
              _Fn=std::plus<void>
          ] (compiling source file C:\Users\Matt\Documents\NetBeansProjects\assimp-3.3.1\code\ColladaLoader.cpp)
  C:\Users\Matt\Documents\NetBeansProjects\assimp-3.3.1\code\ColladaLoader.cpp(575): note: see reference to function template instantiation '_Ty std::accumulate<std::_Vector_const_iterator<std::_Vector_val<std::_Simple_types<unsigned __int64>>>,int>(_InIt,_InIt,_Ty)' being compiled
          with
          [
              _Ty=int,
              _InIt=std::_Vector_const_iterator<std::_Vector_val<std::_Simple_types<size_t>>>
          ]
C:\Program Files (x86)\Microsoft Visual Studio\2017\Community\VC\Tools\MSVC\14.11.25503\include\xutility(2254): warning C4267: '=': conversion from 'size_t' to 'unsigned int', possible loss of data (compiling source file C:\Users\Matt\Documents\NetBeansProjects\assimp-3.3.1\code\ColladaLoader.cpp)
  C:\Program Files (x86)\Microsoft Visual Studio\2017\Community\VC\Tools\MSVC\14.11.25503\include\xutility(2273): note: see reference to function template instantiation '_OutIt std::_Copy_unchecked1<_InIt,_OutIt>(_InIt,_InIt,_OutIt,std::_General_ptr_iterator_tag)' being compiled
          with
          [
              _OutIt=unsigned int *,
              _InIt=unsigned __int64 *
          ] (compiling source file C:\Users\Matt\Documents\NetBeansProjects\assimp-3.3.1\code\ColladaLoader.cpp)
  C:\Program Files (x86)\Microsoft Visual Studio\2017\Community\VC\Tools\MSVC\14.11.25503\include\xutility(2286): note: see reference to function template instantiation '_OutIt std::_Copy_unchecked<unsigned __int64*,_Iter>(_InIt,_InIt,_OutIt)' being compiled
          with
          [
              _OutIt=unsigned int *,
              _Iter=unsigned int *,
              _InIt=unsigned __int64 *
          ] (compiling source file C:\Users\Matt\Documents\NetBeansProjects\assimp-3.3.1\code\ColladaLoader.cpp)
  C:\Program Files (x86)\Microsoft Visual Studio\2017\Community\VC\Tools\MSVC\14.11.25503\include\xutility(2295): note: see reference to function template instantiation '_OutIt std::_Copy_no_deprecate<_InIt,_OutIt>(_InIt,_InIt,_OutIt)' being compiled
          with
          [
              _OutIt=unsigned int *,
              _InIt=std::_Vector_iterator<std::_Vector_val<std::_Simple_types<size_t>>>
          ] (compiling source file C:\Users\Matt\Documents\NetBeansProjects\assimp-3.3.1\code\ColladaLoader.cpp)
  C:\Users\Matt\Documents\NetBeansProjects\assimp-3.3.1\code\ColladaLoader.cpp(560): note: see reference to function template instantiation '_OutIt *std::copy<std::_Vector_iterator<std::_Vector_val<std::_Simple_types<_Ty>>>,unsigned int*>(_InIt,_InIt,_OutIt)' being compiled
          with
          [
              _OutIt=unsigned int *,
              _Ty=::size_t,
              _InIt=std::_Vector_iterator<std::_Vector_val<std::_Simple_types<size_t>>>
          ]
C:\Users\Matt\Documents\NetBeansProjects\assimp-3.3.1\code\IRRLoader.cpp(218): warning C4267: '=': conversion from 'size_t' to 'unsigned int', possible loss of data
C:\Users\Matt\Documents\NetBeansProjects\assimp-3.3.1\code\IRRLoader.cpp(226): warning C4267: '=': conversion from 'size_t' to 'unsigned int', possible loss of data
C:\Users\Matt\Documents\NetBeansProjects\assimp-3.3.1\code\IRRLoader.cpp(234): warning C4267: '=': conversion from 'size_t' to 'unsigned int', possible loss of data
C:\Users\Matt\Documents\NetBeansProjects\assimp-3.3.1\code\IRRLoader.cpp(242): warning C4267: '=': conversion from 'size_t' to 'unsigned int', possible loss of data
C:\Users\Matt\Documents\NetBeansProjects\assimp-3.3.1\code\IRRLoader.cpp(250): warning C4267: '=': conversion from 'size_t' to 'unsigned int', possible loss of data
C:\Users\Matt\Documents\NetBeansProjects\assimp-3.3.1\code\IRRLoader.cpp(258): warning C4267: '=': conversion from 'size_t' to 'unsigned int', possible loss of data
  LWOMaterial.cpp
C:\Users\Matt\Documents\NetBeansProjects\assimp-3.3.1\code\IRRLoader.cpp(644): warning C4267: '=': conversion from 'size_t' to 'unsigned int', possible loss of data
  LWSLoader.cpp
  MD2Loader.cpp
  MD3Loader.cpp
  MD5Loader.cpp
C:\Users\Matt\Documents\NetBeansProjects\assimp-3.3.1\code\LWOAnimation.cpp(568): warning C4267: '=': conversion from 'size_t' to 'unsigned int', possible loss of data
C:\Users\Matt\Documents\NetBeansProjects\assimp-3.3.1\code\LWOAnimation.cpp(577): warning C4267: '=': conversion from 'size_t' to 'unsigned int', possible loss of data
C:\Users\Matt\Documents\NetBeansProjects\assimp-3.3.1\code\LWOAnimation.cpp(597): warning C4267: '=': conversion from 'size_t' to 'unsigned int', possible loss of data
C:\Users\Matt\Documents\NetBeansProjects\assimp-3.3.1\code\LWSLoader.cpp(905): warning C4267: '=': conversion from 'size_t' to 'unsigned int', possible loss of data
C:\Users\Matt\Documents\NetBeansProjects\assimp-3.3.1\code\LWOLoader.cpp(429): warning C4267: 'initializing': conversion from 'size_t' to 'unsigned int', possible loss of data
  MD5Parser.cpp
  MDCLoader.cpp
  MDLLoader.cpp
C:\Users\Matt\Documents\NetBeansProjects\assimp-3.3.1\code\MD5Loader.cpp(231): warning C4267: 'initializing': conversion from 'size_t' to 'unsigned int', possible loss of data
C:\Users\Matt\Documents\NetBeansProjects\assimp-3.3.1\code\MD5Loader.cpp(231): warning C4267: 'initializing': conversion from 'size_t' to 'const unsigned int', possible loss of data
C:\Users\Matt\Documents\NetBeansProjects\assimp-3.3.1\code\MD5Loader.cpp(232): warning C4267: 'initializing': conversion from 'size_t' to 'unsigned int', possible loss of data
C:\Users\Matt\Documents\NetBeansProjects\assimp-3.3.1\code\MD5Loader.cpp(722): warning C4267: 'argument': conversion from 'size_t' to 'unsigned int', possible loss of data
C:\Users\Matt\Documents\NetBeansProjects\assimp-3.3.1\code\MD5Loader.cpp(728): warning C4267: 'argument': conversion from 'size_t' to 'unsigned int', possible loss of data
C:\Users\Matt\Documents\NetBeansProjects\assimp-3.3.1\code\MD5Loader.cpp(731): warning C4267: '=': conversion from 'size_t' to 'unsigned int', possible loss of data
  MDLMaterialLoader.cpp
  NFFLoader.cpp
C:\Users\Matt\Documents\NetBeansProjects\assimp-3.3.1\code\MD3Loader.cpp(712): warning C4267: 'argument': conversion from 'size_t' to 'unsigned int', possible loss of data
  NDOLoader.cpp
  OFFLoader.cpp
  ObjFileImporter.cpp
  ObjFileMtlImporter.cpp
  ObjFileParser.cpp
C:\Users\Matt\Documents\NetBeansProjects\assimp-3.3.1\code\NDOLoader.cpp(260): warning C4267: '=': conversion from 'size_t' to 'unsigned int', possible loss of data
C:\Users\Matt\Documents\NetBeansProjects\assimp-3.3.1\code\NDOLoader.cpp(281): warning C4267: 'argument': conversion from 'size_t' to 'unsigned int', possible loss of data
C:\Users\Matt\Documents\NetBeansProjects\assimp-3.3.1\code\NDOLoader.cpp(290): warning C4267: '=': conversion from 'size_t' to 'unsigned int', possible loss of data
C:\Users\Matt\Documents\NetBeansProjects\assimp-3.3.1\code\NDOLoader.cpp(294): warning C4267: '=': conversion from 'size_t' to 'unsigned int', possible loss of data
  ObjExporter.cpp
  OgreImporter.cpp
C:\Users\Matt\Documents\NetBeansProjects\assimp-3.3.1\code\ObjFileImporter.cpp(153): warning C4267: 'initializing': conversion from 'size_t' to 'unsigned int', possible loss of data
C:\Users\Matt\Documents\NetBeansProjects\assimp-3.3.1\code\ObjFileImporter.cpp(153): warning C4267: 'initializing': conversion from 'size_t' to 'const unsigned int', possible loss of data
C:\Users\Matt\Documents\NetBeansProjects\assimp-3.3.1\code\ObjFileImporter.cpp(327): warning C4267: '+=': conversion from 'size_t' to 'unsigned int', possible loss of data
C:\Users\Matt\Documents\NetBeansProjects\assimp-3.3.1\code\ObjFileImporter.cpp(330): warning C4267: '+=': conversion from 'size_t' to 'unsigned int', possible loss of data
  OgreStructs.cpp
  OgreBinarySerializer.cpp
C:\Users\Matt\Documents\NetBeansProjects\assimp-3.3.1\code\ObjFileMtlImporter.cpp(310): warning C4267: 'argument': conversion from 'size_t' to 'unsigned int', possible loss of data
C:\Users\Matt\Documents\NetBeansProjects\assimp-3.3.1\code\ObjFileMtlImporter.cpp(314): warning C4267: 'argument': conversion from 'size_t' to 'unsigned int', possible loss of data
C:\Users\Matt\Documents\NetBeansProjects\assimp-3.3.1\code\ObjFileMtlImporter.cpp(318): warning C4267: 'argument': conversion from 'size_t' to 'unsigned int', possible loss of data
C:\Users\Matt\Documents\NetBeansProjects\assimp-3.3.1\code\ObjFileMtlImporter.cpp(322): warning C4267: 'argument': conversion from 'size_t' to 'unsigned int', possible loss of data
C:\Users\Matt\Documents\NetBeansProjects\assimp-3.3.1\code\ObjFileMtlImporter.cpp(326): warning C4267: 'argument': conversion from 'size_t' to 'unsigned int', possible loss of data
C:\Users\Matt\Documents\NetBeansProjects\assimp-3.3.1\code\ObjFileMtlImporter.cpp(330): warning C4267: 'argument': conversion from 'size_t' to 'unsigned int', possible loss of data
C:\Users\Matt\Documents\NetBeansProjects\assimp-3.3.1\code\ObjFileMtlImporter.cpp(334): warning C4267: 'argument': conversion from 'size_t' to 'unsigned int', possible loss of data
C:\Users\Matt\Documents\NetBeansProjects\assimp-3.3.1\code\ObjFileMtlImporter.cpp(335): warning C4267: 'argument': conversion from 'size_t' to 'unsigned int', possible loss of data
C:\Users\Matt\Documents\NetBeansProjects\assimp-3.3.1\code\ObjFileMtlImporter.cpp(336): warning C4267: 'argument': conversion from 'size_t' to 'unsigned int', possible loss of data
C:\Users\Matt\Documents\NetBeansProjects\assimp-3.3.1\code\ObjFileMtlImporter.cpp(340): warning C4267: 'argument': conversion from 'size_t' to 'unsigned int', possible loss of data
C:\Users\Matt\Documents\NetBeansProjects\assimp-3.3.1\code\ObjFileMtlImporter.cpp(344): warning C4267: 'argument': conversion from 'size_t' to 'unsigned int', possible loss of data
C:\Users\Matt\Documents\NetBeansProjects\assimp-3.3.1\code\ObjFileMtlImporter.cpp(348): warning C4267: 'argument': conversion from 'size_t' to 'unsigned int', possible loss of data
C:\Users\Matt\Documents\NetBeansProjects\assimp-3.3.1\code\ObjFileMtlImporter.cpp(352): warning C4267: 'argument': conversion from 'size_t' to 'unsigned int', possible loss of data
C:\Users\Matt\Documents\NetBeansProjects\assimp-3.3.1\code\ObjFileMtlImporter.cpp(397): warning C4267: 'argument': conversion from 'size_t' to 'unsigned int', possible loss of data
C:\Users\Matt\Documents\NetBeansProjects\assimp-3.3.1\code\ObjFileMtlImporter.cpp(409): warning C4267: 'argument': conversion from 'size_t' to 'unsigned int', possible loss of data
C:\Users\Matt\Documents\NetBeansProjects\assimp-3.3.1\code\ObjFileMtlImporter.cpp(452): warning C4267: 'argument': conversion from 'size_t' to 'unsigned int', possible loss of data
C:\Users\Matt\Documents\NetBeansProjects\assimp-3.3.1\code\ObjFileMtlImporter.cpp(453): warning C4267: 'argument': conversion from 'size_t' to 'unsigned int', possible loss of data
C:\Users\Matt\Documents\NetBeansProjects\assimp-3.3.1\code\ObjFileMtlImporter.cpp(454): warning C4267: 'argument': conversion from 'size_t' to 'unsigned int', possible loss of data
C:\Users\Matt\Documents\NetBeansProjects\assimp-3.3.1\code\ObjFileMtlImporter.cpp(455): warning C4267: 'argument': conversion from 'size_t' to 'unsigned int', possible loss of data
C:\Users\Matt\Documents\NetBeansProjects\assimp-3.3.1\code\ObjFileMtlImporter.cpp(456): warning C4267: 'argument': conversion from 'size_t' to 'unsigned int', possible loss of data
C:\Users\Matt\Documents\NetBeansProjects\assimp-3.3.1\code\ObjFileMtlImporter.cpp(457): warning C4267: 'argument': conversion from 'size_t' to 'unsigned int', possible loss of data
C:\Users\Matt\Documents\NetBeansProjects\assimp-3.3.1\code\ObjFileMtlImporter.cpp(461): warning C4267: 'argument': conversion from 'size_t' to 'unsigned int', possible loss of data
C:\Users\Matt\Documents\NetBeansProjects\assimp-3.3.1\code\ObjFileMtlImporter.cpp(465): warning C4267: 'argument': conversion from 'size_t' to 'unsigned int', possible loss of data
C:\Users\Matt\Documents\NetBeansProjects\assimp-3.3.1\code\ObjFileMtlImporter.cpp(466): warning C4267: 'argument': conversion from 'size_t' to 'unsigned int', possible loss of data
C:\Users\Matt\Documents\NetBeansProjects\assimp-3.3.1\code\ObjFileMtlImporter.cpp(467): warning C4267: 'argument': conversion from 'size_t' to 'unsigned int', possible loss of data
C:\Users\Matt\Documents\NetBeansProjects\assimp-3.3.1\code\ObjFileParser.cpp(114): warning C4244: 'initializing': conversion from '__int64' to 'unsigned int', possible loss of data
C:\Users\Matt\Documents\NetBeansProjects\assimp-3.3.1\code\ObjFileParser.cpp(114): warning C4244: 'initializing': conversion from '__int64' to 'const unsigned int', possible loss of data
C:\Users\Matt\Documents\NetBeansProjects\assimp-3.3.1\code\ObjFileParser.cpp(124): warning C4244: '+=': conversion from '__int64' to 'unsigned int', possible loss of data
C:\Users\Matt\Documents\NetBeansProjects\assimp-3.3.1\code\ObjFileParser.cpp(385): warning C4267: 'initializing': conversion from 'size_t' to 'int', possible loss of data
C:\Users\Matt\Documents\NetBeansProjects\assimp-3.3.1\code\ObjFileParser.cpp(385): warning C4267: 'initializing': conversion from 'size_t' to 'const int', possible loss of data
C:\Users\Matt\Documents\NetBeansProjects\assimp-3.3.1\code\ObjFileParser.cpp(386): warning C4267: 'initializing': conversion from 'size_t' to 'int', possible loss of data
C:\Users\Matt\Documents\NetBeansProjects\assimp-3.3.1\code\ObjFileParser.cpp(386): warning C4267: 'initializing': conversion from 'size_t' to 'const int', possible loss of data
C:\Users\Matt\Documents\NetBeansProjects\assimp-3.3.1\code\ObjFileParser.cpp(387): warning C4267: 'initializing': conversion from 'size_t' to 'int', possible loss of data
C:\Users\Matt\Documents\NetBeansProjects\assimp-3.3.1\code\ObjFileParser.cpp(387): warning C4267: 'initializing': conversion from 'size_t' to 'const int', possible loss of data
C:\Users\Matt\Documents\NetBeansProjects\assimp-3.3.1\code\ObjFileParser.cpp(812): warning C4267: 'initializing': conversion from 'size_t' to 'unsigned int', possible loss of data
  OgreXmlSerializer.cpp
  OgreMaterial.cpp
c:\users\matt\documents\netbeansprojects\assimp-3.3.1\code\irrXMLWrapper.h(95): warning C4267: 'initializing': conversion from 'size_t' to 'unsigned int', possible loss of data (compiling source file C:\Users\Matt\Documents\NetBeansProjects\assimp-3.3.1\code\OgreImporter.cpp)
c:\users\matt\documents\netbeansprojects\assimp-3.3.1\code\irrXMLWrapper.h(120): warning C4267: '=': conversion from 'size_t' to 'int', possible loss of data (compiling source file C:\Users\Matt\Documents\NetBeansProjects\assimp-3.3.1\code\OgreImporter.cpp)
C:\Users\Matt\Documents\NetBeansProjects\assimp-3.3.1\code\OgreStructs.cpp(277): warning C4267: 'argument': conversion from 'size_t' to 'const unsigned int', possible loss of data
C:\Users\Matt\Documents\NetBeansProjects\assimp-3.3.1\code\OgreStructs.cpp(282): warning C4267: 'argument': conversion from 'size_t' to 'unsigned int', possible loss of data
C:\Users\Matt\Documents\NetBeansProjects\assimp-3.3.1\code\OgreStructs.cpp(322): warning C4267: '+=': conversion from 'size_t' to 'uint32_t', possible loss of data
C:\Users\Matt\Documents\NetBeansProjects\assimp-3.3.1\code\OgreStructs.cpp(463): warning C4267: '=': conversion from 'size_t' to 'unsigned int', possible loss of data
C:\Users\Matt\Documents\NetBeansProjects\assimp-3.3.1\code\OgreStructs.cpp(474): warning C4267: '=': conversion from 'size_t' to 'unsigned int', possible loss of data
C:\Users\Matt\Documents\NetBeansProjects\assimp-3.3.1\code\OgreStructs.cpp(484): warning C4267: '=': conversion from 'size_t' to 'unsigned int', possible loss of data
C:\Users\Matt\Documents\NetBeansProjects\assimp-3.3.1\code\OgreStructs.cpp(496): warning C4267: '=': conversion from 'size_t' to 'unsigned int', possible loss of data
C:\Users\Matt\Documents\NetBeansProjects\assimp-3.3.1\code\OgreStructs.cpp(575): warning C4267: '=': conversion from 'size_t' to 'unsigned int', possible loss of data
C:\Users\Matt\Documents\NetBeansProjects\assimp-3.3.1\code\OgreStructs.cpp(607): warning C4267: '=': conversion from 'size_t' to 'unsigned int', possible loss of data
C:\Users\Matt\Documents\NetBeansProjects\assimp-3.3.1\code\OgreStructs.cpp(620): warning C4267: '=': conversion from 'size_t' to 'unsigned int', possible loss of data
C:\Users\Matt\Documents\NetBeansProjects\assimp-3.3.1\code\OgreStructs.cpp(668): warning C4267: '=': conversion from 'size_t' to 'unsigned int', possible loss of data
C:\Users\Matt\Documents\NetBeansProjects\assimp-3.3.1\code\OgreStructs.cpp(672): warning C4267: 'argument': conversion from 'size_t' to 'uint32_t', possible loss of data
C:\Users\Matt\Documents\NetBeansProjects\assimp-3.3.1\code\OgreStructs.cpp(707): warning C4267: '=': conversion from 'size_t' to 'unsigned int', possible loss of data
C:\Users\Matt\Documents\NetBeansProjects\assimp-3.3.1\code\OgreStructs.cpp(761): warning C4267: '=': conversion from 'size_t' to 'unsigned int', possible loss of data
C:\Users\Matt\Documents\NetBeansProjects\assimp-3.3.1\code\OgreStructs.cpp(773): warning C4267: '=': conversion from 'size_t' to 'unsigned int', possible loss of data
C:\Users\Matt\Documents\NetBeansProjects\assimp-3.3.1\code\OgreStructs.cpp(783): warning C4267: '=': conversion from 'size_t' to 'unsigned int', possible loss of data
C:\Users\Matt\Documents\NetBeansProjects\assimp-3.3.1\code\OgreStructs.cpp(795): warning C4267: '=': conversion from 'size_t' to 'unsigned int', possible loss of data
C:\Users\Matt\Documents\NetBeansProjects\assimp-3.3.1\code\OgreStructs.cpp(843): warning C4267: '=': conversion from 'size_t' to 'unsigned int', possible loss of data
C:\Users\Matt\Documents\NetBeansProjects\assimp-3.3.1\code\OgreStructs.cpp(878): warning C4267: '=': conversion from 'size_t' to 'unsigned int', possible loss of data
C:\Users\Matt\Documents\NetBeansProjects\assimp-3.3.1\code\OgreStructs.cpp(882): warning C4267: 'argument': conversion from 'size_t' to 'uint32_t', possible loss of data
C:\Users\Matt\Documents\NetBeansProjects\assimp-3.3.1\code\OgreStructs.cpp(907): warning C4267: '=': conversion from 'size_t' to 'unsigned int', possible loss of data
C:\Users\Matt\Documents\NetBeansProjects\assimp-3.3.1\code\OgreStructs.cpp(961): warning C4267: '=': conversion from 'size_t' to 'unsigned int', possible loss of data
C:\Users\Matt\Documents\NetBeansProjects\assimp-3.3.1\code\OgreStructs.cpp(1102): warning C4267: '=': conversion from 'size_t' to 'unsigned int', possible loss of data
C:\Users\Matt\Documents\NetBeansProjects\assimp-3.3.1\code\OgreStructs.cpp(1125): warning C4267: '=': conversion from 'size_t' to 'unsigned int', possible loss of data
C:\Users\Matt\Documents\NetBeansProjects\assimp-3.3.1\code\OgreStructs.cpp(1161): warning C4267: '=': conversion from 'size_t' to 'unsigned int', possible loss of data
C:\Users\Matt\Documents\NetBeansProjects\assimp-3.3.1\code\OgreStructs.cpp(1162): warning C4267: '=': conversion from 'size_t' to 'unsigned int', possible loss of data
C:\Users\Matt\Documents\NetBeansProjects\assimp-3.3.1\code\OgreStructs.cpp(1163): warning C4267: '=': conversion from 'size_t' to 'unsigned int', possible loss of data
  OpenGEXExporter.cpp
  OpenGEXImporter.cpp
c:\users\matt\documents\netbeansprojects\assimp-3.3.1\code\irrXMLWrapper.h(95): warning C4267: 'initializing': conversion from 'size_t' to 'unsigned int', possible loss of data (compiling source file C:\Users\Matt\Documents\NetBeansProjects\assimp-3.3.1\code\OgreBinarySerializer.cpp)
c:\users\matt\documents\netbeansprojects\assimp-3.3.1\code\irrXMLWrapper.h(120): warning C4267: '=': conversion from 'size_t' to 'int', possible loss of data (compiling source file C:\Users\Matt\Documents\NetBeansProjects\assimp-3.3.1\code\OgreBinarySerializer.cpp)
C:\Users\Matt\Documents\NetBeansProjects\assimp-3.3.1\code\OgreBinarySerializer.cpp(486): warning C4267: '=': conversion from 'size_t' to 'unsigned int', possible loss of data
  PlyLoader.cpp
  PlyParser.cpp
C:\Users\Matt\Documents\NetBeansProjects\assimp-3.3.1\code\OgreMaterial.cpp(80): warning C4267: '=': conversion from 'size_t' to 'int', possible loss of data
C:\Users\Matt\Documents\NetBeansProjects\assimp-3.3.1\code\OgreMaterial.cpp(96): warning C4267: 'argument': conversion from 'size_t' to 'uint16_t', possible loss of data
C:\Users\Matt\Documents\NetBeansProjects\assimp-3.3.1\code\OgreMaterial.cpp(102): warning C4267: '=': conversion from 'size_t' to 'int', possible loss of data
C:\Users\Matt\Documents\NetBeansProjects\assimp-3.3.1\code\OgreMaterial.cpp(113): warning C4267: '=': conversion from 'size_t' to 'unsigned int', possible loss of data
c:\users\matt\documents\netbeansprojects\assimp-3.3.1\code\irrXMLWrapper.h(95): warning C4267: 'initializing': conversion from 'size_t' to 'unsigned int', possible loss of data (compiling source file C:\Users\Matt\Documents\NetBeansProjects\assimp-3.3.1\code\OgreXmlSerializer.cpp)
c:\users\matt\documents\netbeansprojects\assimp-3.3.1\code\irrXMLWrapper.h(120): warning C4267: '=': conversion from 'size_t' to 'int', possible loss of data (compiling source file C:\Users\Matt\Documents\NetBeansProjects\assimp-3.3.1\code\OgreXmlSerializer.cpp)
C:\Users\Matt\Documents\NetBeansProjects\assimp-3.3.1\code\OgreXmlSerializer.cpp(626): warning C4267: '=': conversion from 'size_t' to 'unsigned int', possible loss of data
  PlyExporter.cpp
  MS3DLoader.cpp
  COBLoader.cpp
  BlenderLoader.cpp
  BlenderDNA.cpp
  BlenderScene.cpp
C:\Users\Matt\Documents\NetBeansProjects\assimp-3.3.1\code\OpenGEXImporter.cpp(519): warning C4267: '=': conversion from 'size_t' to 'unsigned int', possible loss of data
C:\Users\Matt\Documents\NetBeansProjects\assimp-3.3.1\code\OpenGEXImporter.cpp(834): warning C4267: '=': conversion from 'size_t' to 'unsigned int', possible loss of data
C:\Users\Matt\Documents\NetBeansProjects\assimp-3.3.1\code\OpenGEXImporter.cpp(836): warning C4267: '=': conversion from 'size_t' to 'unsigned int', possible loss of data
C:\Users\Matt\Documents\NetBeansProjects\assimp-3.3.1\code\OpenGEXImporter.cpp(1048): warning C4267: '=': conversion from 'size_t' to 'unsigned int', possible loss of data
C:\Users\Matt\Documents\NetBeansProjects\assimp-3.3.1\code\OpenGEXImporter.cpp(1061): warning C4267: '=': conversion from 'size_t' to 'unsigned int', possible loss of data
C:\Users\Matt\Documents\NetBeansProjects\assimp-3.3.1\code\OpenGEXImporter.cpp(1074): warning C4267: '=': conversion from 'size_t' to 'unsigned int', possible loss of data
C:\Users\Matt\Documents\NetBeansProjects\assimp-3.3.1\code\OpenGEXImporter.cpp(1095): warning C4267: 'initializing': conversion from 'size_t' to 'unsigned int', possible loss of data
C:\Users\Matt\Documents\NetBeansProjects\assimp-3.3.1\code\OpenGEXImporter.cpp(1118): warning C4267: '=': conversion from 'size_t' to 'unsigned int', possible loss of data
  BlenderModifier.cpp
C:\Users\Matt\Documents\NetBeansProjects\assimp-3.3.1\code\MS3DLoader.cpp(426): warning C4267: '=': conversion from 'size_t' to 'unsigned int', possible loss of data
C:\Users\Matt\Documents\NetBeansProjects\assimp-3.3.1\code\MS3DLoader.cpp(486): warning C4267: '=': conversion from 'size_t' to 'unsigned int', possible loss of data
C:\Users\Matt\Documents\NetBeansProjects\assimp-3.3.1\code\COBLoader.cpp(184): warning C4267: '+=': conversion from 'size_t' to 'unsigned int', possible loss of data
  BlenderBMesh.cpp
  BlenderTessellator.cpp
C:\Users\Matt\Documents\NetBeansProjects\assimp-3.3.1\code\BlenderLoader.cpp(424): warning C4267: 'argument': conversion from 'size_t' to 'int32_t', possible loss of data
C:\Users\Matt\Documents\NetBeansProjects\assimp-3.3.1\code\BlenderLoader.cpp(1230): warning C4267: '=': conversion from 'size_t' to 'unsigned int', possible loss of data
  IFCLoader.cpp
  IFCUtil.cpp
  IFCGeometry.cpp
  IFCMaterial.cpp
  IFCProfile.cpp
  IFCCurve.cpp
c:\users\matt\documents\netbeansprojects\assimp-3.3.1\contrib\poly2tri\poly2tri\sweep\sweep_context.h(161): warning C4267: 'return': conversion from 'size_t' to 'int', possible loss of data (compiling source file C:\Users\Matt\Documents\NetBeansProjects\assimp-3.3.1\code\BlenderBMesh.cpp)
c:\users\matt\documents\netbeansprojects\assimp-3.3.1\contrib\poly2tri\poly2tri\sweep\sweep_context.h(161): warning C4267: 'return': conversion from 'size_t' to 'int', possible loss of data (compiling source file C:\Users\Matt\Documents\NetBeansProjects\assimp-3.3.1\code\BlenderTessellator.cpp)
C:\Users\Matt\Documents\NetBeansProjects\assimp-3.3.1\code\BlenderTessellator.cpp(419): warning C4267: 'argument': conversion from 'size_t' to 'unsigned int', possible loss of data
C:\Users\Matt\Documents\NetBeansProjects\assimp-3.3.1\code\BlenderTessellator.cpp(436): warning C4267: 'argument': conversion from 'size_t' to 'unsigned int', possible loss of data
C:\Users\Matt\Documents\NetBeansProjects\assimp-3.3.1\code\BlenderBMesh.cpp(183): warning C4267: '=': conversion from 'size_t' to 'int', possible loss of data
  IFCBoolean.cpp
  IFCOpenings.cpp
C:\Users\Matt\Documents\NetBeansProjects\assimp-3.3.1\code\IFCProfile.cpp(62): warning C4267: 'argument': conversion from 'size_t' to 'unsigned int', possible loss of data
C:\Users\Matt\Documents\NetBeansProjects\assimp-3.3.1\code\IFCProfile.cpp(83): warning C4267: 'argument': conversion from 'size_t' to 'unsigned int', possible loss of data
C:\Users\Matt\Documents\NetBeansProjects\assimp-3.3.1\code\IFCMaterial.cpp(162): warning C4267: 'initializing': conversion from 'size_t' to 'unsigned int', possible loss of data
C:\Users\Matt\Documents\NetBeansProjects\assimp-3.3.1\code\IFCLoader.cpp(711): warning C4267: '=': conversion from 'size_t' to 'unsigned int', possible loss of data
C:\Users\Matt\Documents\NetBeansProjects\assimp-3.3.1\code\IFCUtil.cpp(183): warning C4267: 'argument': conversion from 'size_t' to 'int', possible loss of data
C:\Users\Matt\Documents\NetBeansProjects\assimp-3.3.1\code\IFCUtil.cpp(551): warning C4267: 'argument': conversion from 'size_t' to 'unsigned int', possible loss of data
C:\Users\Matt\Documents\NetBeansProjects\assimp-3.3.1\code\IFCUtil.cpp(567): warning C4267: 'argument': conversion from 'size_t' to 'unsigned int', possible loss of data
c:\users\matt\documents\netbeansprojects\assimp-3.3.1\contrib\poly2tri\poly2tri\sweep\sweep_context.h(161): warning C4267: 'return': conversion from 'size_t' to 'int', possible loss of data (compiling source file C:\Users\Matt\Documents\NetBeansProjects\assimp-3.3.1\code\IFCGeometry.cpp)
C:\Users\Matt\Documents\NetBeansProjects\assimp-3.3.1\code\IFCGeometry.cpp(73): warning C4267: 'argument': conversion from 'size_t' to 'const unsigned int', possible loss of data
C:\Users\Matt\Documents\NetBeansProjects\assimp-3.3.1\code\IFCGeometry.cpp(183): warning C4267: 'argument': conversion from 'size_t' to 'const unsigned int', possible loss of data
C:\Users\Matt\Documents\NetBeansProjects\assimp-3.3.1\code\IFCGeometry.cpp(308): warning C4267: 'argument': conversion from 'size_t' to 'const unsigned int', possible loss of data
C:\Users\Matt\Documents\NetBeansProjects\assimp-3.3.1\code\IFCGeometry.cpp(309): warning C4267: 'argument': conversion from 'size_t' to 'const unsigned int', possible loss of data
C:\Users\Matt\Documents\NetBeansProjects\assimp-3.3.1\code\IFCGeometry.cpp(641): warning C4267: 'argument': conversion from 'size_t' to 'unsigned int', possible loss of data
C:\Users\Matt\Documents\NetBeansProjects\assimp-3.3.1\code\IFCGeometry.cpp(668): warning C4267: 'argument': conversion from 'size_t' to 'unsigned int', possible loss of data
C:\Users\Matt\Documents\NetBeansProjects\assimp-3.3.1\code\IFCGeometry.cpp(813): warning C4267: 'argument': conversion from 'size_t' to 'unsigned int', possible loss of data
C:\Users\Matt\Documents\NetBeansProjects\assimp-3.3.1\code\IFCGeometry.cpp(832): warning C4267: '=': conversion from 'size_t' to 'unsigned int', possible loss of data
  STEPFileReader.cpp
  STEPFileEncoding.cpp
  XGLLoader.cpp
  FBXImporter.cpp
  FBXParser.cpp
  FBXTokenizer.cpp
  FBXConverter.cpp
  FBXUtil.cpp
C:\Users\Matt\Documents\NetBeansProjects\assimp-3.3.1\code\FBXParser.cpp(586): warning C4267: '=': conversion from 'size_t' to 'uInt', possible loss of data
c:\users\matt\documents\netbeansprojects\assimp-3.3.1\code\irrXMLWrapper.h(95): warning C4267: 'initializing': conversion from 'size_t' to 'unsigned int', possible loss of data (compiling source file C:\Users\Matt\Documents\NetBeansProjects\assimp-3.3.1\code\XGLLoader.cpp)
c:\users\matt\documents\netbeansprojects\assimp-3.3.1\code\irrXMLWrapper.h(120): warning C4267: '=': conversion from 'size_t' to 'int', possible loss of data (compiling source file C:\Users\Matt\Documents\NetBeansProjects\assimp-3.3.1\code\XGLLoader.cpp)
C:\Users\Matt\Documents\NetBeansProjects\assimp-3.3.1\code\FBXImporter.cpp(168): warning C4267: 'argument': conversion from 'size_t' to 'unsigned int', possible loss of data
C:\Users\Matt\Documents\NetBeansProjects\assimp-3.3.1\code\XGLLoader.cpp(711): warning C4267: 'return': conversion from 'size_t' to 'unsigned int', possible loss of data
C:\Users\Matt\Documents\NetBeansProjects\assimp-3.3.1\code\FBXConverter.cpp(1079): warning C4267: '=': conversion from 'size_t' to 'unsigned int', possible loss of data
  FBXDocument.cpp
C:\Users\Matt\Documents\NetBeansProjects\assimp-3.3.1\code\FBXConverter.cpp(2956): warning C4267: 'initializing': conversion from 'size_t' to 'int', possible loss of data
C:\Users\Matt\Documents\NetBeansProjects\assimp-3.3.1\code\FBXConverter.cpp(2956): warning C4267: 'initializing': conversion from 'size_t' to 'const int', possible loss of data
  FBXProperties.cpp
  FBXMeshGeometry.cpp
  FBXMaterial.cpp
C:\Users\Matt\Documents\NetBeansProjects\assimp-3.3.1\code\IFCBoolean.cpp(112): warning C4267: 'argument': conversion from 'size_t' to 'unsigned int', possible loss of data
C:\Users\Matt\Documents\NetBeansProjects\assimp-3.3.1\code\IFCBoolean.cpp(135): warning C4267: 'argument': conversion from 'size_t' to 'unsigned int', possible loss of data
c:\users\matt\documents\netbeansprojects\assimp-3.3.1\contrib\poly2tri\poly2tri\sweep\sweep_context.h(161): warning C4267: 'return': conversion from 'size_t' to 'int', possible loss of data (compiling source file C:\Users\Matt\Documents\NetBeansProjects\assimp-3.3.1\code\IFCOpenings.cpp)
  FBXModel.cpp
C:\Users\Matt\Documents\NetBeansProjects\assimp-3.3.1\code\IFCOpenings.cpp(367): warning C4267: 'argument': conversion from 'size_t' to 'const unsigned int', possible loss of data
C:\Users\Matt\Documents\NetBeansProjects\assimp-3.3.1\code\IFCOpenings.cpp(552): warning C4267: 'argument': conversion from 'size_t' to 'unsigned int', possible loss of data
C:\Users\Matt\Documents\NetBeansProjects\assimp-3.3.1\code\IFCBoolean.cpp(592): warning C4267: 'argument': conversion from 'size_t' to 'unsigned int', possible loss of data
  FBXAnimation.cpp
  FBXNodeAttribute.cpp
  FBXDeformer.cpp
  FBXBinaryTokenizer.cpp
  FBXDocumentUtil.cpp
  Q3DLoader.cpp
  Q3BSPFileParser.cpp
  Q3BSPFileImporter.cpp
  Q3BSPZipArchive.cpp
  RawLoader.cpp
  SIBImporter.cpp
  SMDLoader.cpp
C:\Users\Matt\Documents\NetBeansProjects\assimp-3.3.1\code\Q3BSPZipArchive.cpp(76): warning C4267: 'return': conversion from 'size_t' to 'uLong', possible loss of data
C:\Users\Matt\Documents\NetBeansProjects\assimp-3.3.1\code\Q3BSPZipArchive.cpp(82): warning C4267: 'return': conversion from 'size_t' to 'uLong', possible loss of data
C:\Users\Matt\Documents\NetBeansProjects\assimp-3.3.1\code\Q3BSPZipArchive.cpp(88): warning C4267: 'return': conversion from 'size_t' to 'long', possible loss of data
  STLLoader.cpp
C:\Users\Matt\Documents\NetBeansProjects\assimp-3.3.1\code\Q3BSPFileImporter.cpp(342): warning C4267: '=': conversion from 'size_t' to 'unsigned int', possible loss of data
C:\Users\Matt\Documents\NetBeansProjects\assimp-3.3.1\code\Q3BSPFileImporter.cpp(349): warning C4267: '=': conversion from 'size_t' to 'unsigned int', possible loss of data
C:\Users\Matt\Documents\NetBeansProjects\assimp-3.3.1\code\Q3BSPFileImporter.cpp(376): warning C4267: '=': conversion from 'size_t' to 'unsigned int', possible loss of data
C:\Users\Matt\Documents\NetBeansProjects\assimp-3.3.1\code\Q3BSPFileImporter.cpp(378): warning C4267: '=': conversion from 'size_t' to 'unsigned int', possible loss of data
C:\Users\Matt\Documents\NetBeansProjects\assimp-3.3.1\code\Q3BSPFileImporter.cpp(527): warning C4267: '=': conversion from 'size_t' to 'unsigned int', possible loss of data
C:\Users\Matt\Documents\NetBeansProjects\assimp-3.3.1\code\Q3BSPFileImporter.cpp(661): warning C4267: '=': conversion from 'size_t' to 'unsigned int', possible loss of data
C:\Users\Matt\Documents\NetBeansProjects\assimp-3.3.1\code\Q3BSPFileImporter.cpp(675): warning C4267: 'argument': conversion from 'size_t' to 'int32_t', possible loss of data
C:\Users\Matt\Documents\NetBeansProjects\assimp-3.3.1\code\Q3BSPFileImporter.cpp(733): warning C4267: 'argument': conversion from 'size_t' to 'int32_t', possible loss of data
  STLExporter.cpp
  TerragenLoader.cpp
C:\Users\Matt\Documents\NetBeansProjects\assimp-3.3.1\code\SIBImporter.cpp(134): warning C4267: '=': conversion from 'size_t' to 'unsigned int', possible loss of data
  UnrealLoader.cpp
C:\Users\Matt\Documents\NetBeansProjects\assimp-3.3.1\code\SIBImporter.cpp(247): warning C4267: 'argument': conversion from 'size_t' to 'uint32_t', possible loss of data
C:\Users\Matt\Documents\NetBeansProjects\assimp-3.3.1\code\SIBImporter.cpp(388): warning C4267: '=': conversion from 'size_t' to 'uint32_t', possible loss of data
C:\Users\Matt\Documents\NetBeansProjects\assimp-3.3.1\code\SIBImporter.cpp(390): warning C4267: '=': conversion from 'size_t' to 'uint32_t', possible loss of data
C:\Users\Matt\Documents\NetBeansProjects\assimp-3.3.1\code\SIBImporter.cpp(499): warning C4267: 'argument': conversion from 'size_t' to 'uint32_t', possible loss of data
C:\Users\Matt\Documents\NetBeansProjects\assimp-3.3.1\code\SIBImporter.cpp(589): warning C4267: '=': conversion from 'size_t' to 'unsigned int', possible loss of data
C:\Users\Matt\Documents\NetBeansProjects\assimp-3.3.1\code\SIBImporter.cpp(624): warning C4267: '=': conversion from 'size_t' to 'unsigned int', possible loss of data
C:\Users\Matt\Documents\NetBeansProjects\assimp-3.3.1\code\SIBImporter.cpp(626): warning C4267: '=': conversion from 'size_t' to 'unsigned int', possible loss of data
C:\Users\Matt\Documents\NetBeansProjects\assimp-3.3.1\code\SIBImporter.cpp(631): warning C4267: '=': conversion from 'size_t' to 'unsigned int', possible loss of data
C:\Users\Matt\Documents\NetBeansProjects\assimp-3.3.1\code\SIBImporter.cpp(865): warning C4267: '=': conversion from 'size_t' to 'unsigned int', possible loss of data
C:\Users\Matt\Documents\NetBeansProjects\assimp-3.3.1\code\SIBImporter.cpp(866): warning C4267: '=': conversion from 'size_t' to 'unsigned int', possible loss of data
C:\Users\Matt\Documents\NetBeansProjects\assimp-3.3.1\code\SIBImporter.cpp(867): warning C4267: '=': conversion from 'size_t' to 'unsigned int', possible loss of data
C:\Users\Matt\Documents\NetBeansProjects\assimp-3.3.1\code\SIBImporter.cpp(882): warning C4267: '=': conversion from 'size_t' to 'unsigned int', possible loss of data
C:\Users\Matt\Documents\NetBeansProjects\assimp-3.3.1\code\SIBImporter.cpp(896): warning C4267: '=': conversion from 'size_t' to 'unsigned int', possible loss of data
C:\Users\Matt\Documents\NetBeansProjects\assimp-3.3.1\code\SIBImporter.cpp(899): warning C4267: '=': conversion from 'size_t' to 'unsigned int', possible loss of data
C:\Users\Matt\Documents\NetBeansProjects\assimp-3.3.1\code\STLLoader.cpp(249): warning C4244: 'argument': conversion from '__int64' to 'unsigned int', possible loss of data
C:\Users\Matt\Documents\NetBeansProjects\assimp-3.3.1\code\STLLoader.cpp(371): warning C4267: '=': conversion from 'size_t' to 'unsigned int', possible loss of data
C:\Users\Matt\Documents\NetBeansProjects\assimp-3.3.1\code\STLLoader.cpp(372): warning C4267: '=': conversion from 'size_t' to 'unsigned int', possible loss of data
  XFileImporter.cpp
  XFileParser.cpp
  XFileExporter.cpp
  glTFImporter.cpp
  glTFExporter.cpp
  D3MFImporter.cpp
C:\Users\Matt\Documents\NetBeansProjects\assimp-3.3.1\code\UnrealLoader.cpp(336): warning C4267: '=': conversion from 'size_t' to 'unsigned int', possible loss of data
  D3MFOpcPackage.cpp
c:\users\matt\documents\netbeansprojects\assimp-3.3.1\code\irrXMLWrapper.h(95): warning C4267: 'initializing': conversion from 'size_t' to 'unsigned int', possible loss of data (compiling source file C:\Users\Matt\Documents\NetBeansProjects\assimp-3.3.1\code\D3MFImporter.cpp)
c:\users\matt\documents\netbeansprojects\assimp-3.3.1\code\irrXMLWrapper.h(120): warning C4267: '=': conversion from 'size_t' to 'int', possible loss of data (compiling source file C:\Users\Matt\Documents\NetBeansProjects\assimp-3.3.1\code\D3MFImporter.cpp)
C:\Users\Matt\Documents\NetBeansProjects\assimp-3.3.1\code\D3MFImporter.cpp(161): warning C4267: 'initializing': conversion from 'size_t' to 'unsigned long', possible loss of data
c:\users\matt\documents\netbeansprojects\assimp-3.3.1\code\irrXMLWrapper.h(95): warning C4267: 'initializing': conversion from 'size_t' to 'unsigned int', possible loss of data (compiling source file C:\Users\Matt\Documents\NetBeansProjects\assimp-3.3.1\code\D3MFOpcPackage.cpp)
c:\users\matt\documents\netbeansprojects\assimp-3.3.1\code\irrXMLWrapper.h(120): warning C4267: '=': conversion from 'size_t' to 'int', possible loss of data (compiling source file C:\Users\Matt\Documents\NetBeansProjects\assimp-3.3.1\code\D3MFOpcPackage.cpp)
C:\Users\Matt\Documents\NetBeansProjects\assimp-3.3.1\code\D3MFOpcPackage.cpp(130): warning C4267: 'return': conversion from 'size_t' to 'uLong', possible loss of data
C:\Users\Matt\Documents\NetBeansProjects\assimp-3.3.1\code\D3MFOpcPackage.cpp(136): warning C4267: 'return': conversion from 'size_t' to 'uLong', possible loss of data
C:\Users\Matt\Documents\NetBeansProjects\assimp-3.3.1\code\D3MFOpcPackage.cpp(142): warning C4267: 'return': conversion from 'size_t' to 'long', possible loss of data
C:\Users\Matt\Documents\NetBeansProjects\assimp-3.3.1\code\XFileImporter.cpp(289): warning C4267: '=': conversion from 'size_t' to 'unsigned int', possible loss of data
  irrXML.cpp
  shapes.cc
  advancing_front.cc
  cdt.cc
  sweep.cc
  sweep_context.cc
c:\users\matt\documents\netbeansprojects\assimp-3.3.1\contrib\poly2tri\poly2tri\sweep\sweep_context.h(161): warning C4267: 'return': conversion from 'size_t' to 'int', possible loss of data (compiling source file C:\Users\Matt\Documents\NetBeansProjects\assimp-3.3.1\contrib\poly2tri\poly2tri\sweep\sweep.cc)
c:\users\matt\documents\netbeansprojects\assimp-3.3.1\contrib\poly2tri\poly2tri\sweep\sweep_context.h(161): warning C4267: 'return': conversion from 'size_t' to 'int', possible loss of data (compiling source file C:\Users\Matt\Documents\NetBeansProjects\assimp-3.3.1\contrib\poly2tri\poly2tri\sweep\cdt.cc)
  clipper.cpp
  OpenDDLParser.cpp
  DDLNode.cpp
  OpenDDLCommon.cpp
c:\users\matt\documents\netbeansprojects\assimp-3.3.1\contrib\poly2tri\poly2tri\sweep\sweep_context.h(161): warning C4267: 'return': conversion from 'size_t' to 'int', possible loss of data (compiling source file C:\Users\Matt\Documents\NetBeansProjects\assimp-3.3.1\contrib\poly2tri\poly2tri\sweep\sweep_context.cc)
C:\Users\Matt\Documents\NetBeansProjects\assimp-3.3.1\contrib\poly2tri\poly2tri\sweep\sweep_context.cc(99): warning C4267: 'initializing': conversion from 'size_t' to 'int', possible loss of data
  OpenDDLExport.cpp
  Value.cpp
C:\Users\Matt\Documents\NetBeansProjects\assimp-3.3.1\contrib\openddlparser\code\OpenDDLExport.cpp(283): warning C4477: 'sprintf' : format string '%d' requires an argument of type 'int', but variadic argument 1 has type '::size_t'
  C:\Users\Matt\Documents\NetBeansProjects\assimp-3.3.1\contrib\openddlparser\code\OpenDDLExport.cpp(283): note: consider using '%zd' in the format string
  IFCReaderGen.cpp
  ConvertUTF.c
  ioapi.c
  unzip.c
     Creating library C:/Users/Matt/Documents/NetBeansProjects/AssimpBuild/code/Debug/assimp-vc140-mt.lib and object C:/Users/Matt/Documents/NetBeansProjects/AssimpBuild/code/Debug/assimp-vc140-mt.exp
  assimp.vcxproj -> C:\Users\Matt\Documents\NetBeansProjects\AssimpBuild\code\Debug\assimp-vc140-mt.dll
